<?xml version="1.0" encoding="UTF-8"?>
<testsuite name="com.allstate.compozed.policy.claim.FireTest" tests="1" skipped="0" failures="0" errors="0" timestamp="2016-05-31T09:55:06" hostname="compozed-ani-05" time="0.008">
  <properties/>
  <testcase name="defaultScope" classname="com.allstate.compozed.policy.claim.FireTest" time="0.008"/>
  <system-out><![CDATA[]]></system-out>
  <system-err><![CDATA[]]></system-err>
</testsuite>
