<?xml version="1.0" encoding="UTF-8"?>
<testsuite name="com.allstate.compozed.policy.HomeOwnerTest" tests="2" skipped="0" failures="0" errors="0" timestamp="2016-05-31T09:55:06" hostname="compozed-ani-05" time="0.003">
  <properties/>
  <testcase name="testFire" classname="com.allstate.compozed.policy.HomeOwnerTest" time="0.0"/>
  <testcase name="toStringReturnsHomeOwnerPolicy" classname="com.allstate.compozed.policy.HomeOwnerTest" time="0.002"/>
  <system-out><![CDATA[]]></system-out>
  <system-err><![CDATA[]]></system-err>
</testsuite>
